<?xml version="1.0" encoding="UTF-8"?>
<!-- Generated by org.testng.reporters.JUnitReportReporter -->
<testsuite skipped="0" hostname="Andrews-MacBook-Pro.local" name="com.revature.testng.LocationsTestRunner" tests="4" failures="0" timestamp="16 May 2018 18:34:09 GMT" time="0.082" errors="1">
  <testcase name="feature" time="0.009" classname="com.revature.testng.LocationsTestRunner"/>
  <testcase name="feature" time="0.032" classname="com.revature.testng.LocationsTestRunner"/>
  <testcase name="feature" time="0.012" classname="com.revature.testng.LocationsTestRunner"/>
  <testcase name="tearDownClass" time="0.029" classname="com.revature.testng.LocationsTestRunner">
    <error type="java.lang.IllegalArgumentException" message="Cannot create function name from empty sentence">
      <![CDATA[java.lang.IllegalArgumentException: Cannot create function name from empty sentence
at cucumber.runtime.snippets.FunctionNameGenerator.removeIllegalCharacters(FunctionNameGenerator.java:22)
at cucumber.runtime.snippets.FunctionNameGenerator.generateFunctionName(FunctionNameGenerator.java:13)
at cucumber.runtime.snippets.SnippetGenerator.functionName(SnippetGenerator.java:76)
at cucumber.runtime.snippets.SnippetGenerator.getSnippet(SnippetGenerator.java:45)
at cucumber.runtime.java.JavaBackend.getSnippet(JavaBackend.java:145)
at cucumber.runtime.UndefinedStepsTracker.getSnippets(UndefinedStepsTracker.java:32)
at cucumber.runtime.Runtime.getSnippets(Runtime.java:194)
at cucumber.runtime.DefaultSummaryPrinter.printSnippets(DefaultSummaryPrinter.java:36)
at cucumber.runtime.DefaultSummaryPrinter.print(DefaultSummaryPrinter.java:21)
at sun.reflect.NativeMethodAccessorImpl.invoke0(Native Method)
at sun.reflect.NativeMethodAccessorImpl.invoke(NativeMethodAccessorImpl.java:62)
at sun.reflect.DelegatingMethodAccessorImpl.invoke(DelegatingMethodAccessorImpl.java:43)
at java.lang.reflect.Method.invoke(Method.java:498)
at cucumber.runtime.Utils$1.call(Utils.java:40)
at cucumber.runtime.Timeout.timeout(Timeout.java:16)
at cucumber.runtime.Utils.invoke(Utils.java:34)
at cucumber.runtime.RuntimeOptions$1.invoke(RuntimeOptions.java:294)
at com.sun.proxy.$Proxy10.print(Unknown Source)
at cucumber.runtime.Runtime.printSummary(Runtime.java:132)
at cucumber.api.testng.TestNGCucumberRunner.finish(TestNGCucumberRunner.java:78)
at cucumber.api.testng.AbstractTestNGCucumberTests.tearDownClass(AbstractTestNGCucumberTests.java:34)
at sun.reflect.NativeMethodAccessorImpl.invoke0(Native Method)
at sun.reflect.NativeMethodAccessorImpl.invoke(NativeMethodAccessorImpl.java:62)
at sun.reflect.DelegatingMethodAccessorImpl.invoke(DelegatingMethodAccessorImpl.java:43)
at java.lang.reflect.Method.invoke(Method.java:498)
at org.testng.internal.MethodInvocationHelper.invokeMethod(MethodInvocationHelper.java:124)
at org.testng.internal.MethodInvocationHelper.invokeMethodConsideringTimeout(MethodInvocationHelper.java:59)
at org.testng.internal.Invoker.invokeConfigurationMethod(Invoker.java:455)
at org.testng.internal.Invoker.invokeConfigurations(Invoker.java:222)
at org.testng.internal.Invoker.invokeConfigurations(Invoker.java:142)
at org.testng.internal.TestMethodWorker.invokeAfterClassMethods(TestMethodWorker.java:214)
at org.testng.internal.TestMethodWorker.run(TestMethodWorker.java:111)
at org.testng.TestRunner.privateRun(TestRunner.java:648)
at org.testng.TestRunner.run(TestRunner.java:505)
at org.testng.SuiteRunner.runTest(SuiteRunner.java:455)
at org.testng.SuiteRunner.runSequentially(SuiteRunner.java:450)
at org.testng.SuiteRunner.privateRun(SuiteRunner.java:415)
at org.testng.SuiteRunner.run(SuiteRunner.java:364)
at org.testng.SuiteRunnerWorker.runSuite(SuiteRunnerWorker.java:52)
at org.testng.SuiteRunnerWorker.run(SuiteRunnerWorker.java:84)
at org.testng.TestNG.runSuitesSequentially(TestNG.java:1208)
at org.testng.TestNG.runSuitesLocally(TestNG.java:1137)
at org.testng.TestNG.runSuites(TestNG.java:1049)
at org.testng.TestNG.run(TestNG.java:1017)
at org.testng.remote.AbstractRemoteTestNG.run(AbstractRemoteTestNG.java:114)
at org.testng.remote.RemoteTestNG.initAndRun(RemoteTestNG.java:251)
at org.testng.remote.RemoteTestNG.main(RemoteTestNG.java:77)
]]>
    </error>
  </testcase> <!-- tearDownClass -->
</testsuite> <!-- com.revature.testng.LocationsTestRunner -->
